<?xml version="1.0" encoding="UTF-8"?>
<testng-results skipped="0" failed="0" ignored="0" total="1" passed="1">
  <reporter-output>
  </reporter-output>
  <suite name="Surefire suite" duration-ms="16637" started-at="2019-02-05T14:57:10 EET" finished-at="2019-02-05T14:57:27 EET">
    <groups>
    </groups>
    <test name="Surefire test" duration-ms="16637" started-at="2019-02-05T14:57:10 EET" finished-at="2019-02-05T14:57:27 EET">
      <class name="epam.MainTest">
        <test-method status="PASS" signature="chromeTest()" name="chromeTest" duration-ms="16556" started-at="2019-02-05T14:57:10 EET" finished-at="2019-02-05T14:57:27 EET">
          <reporter-output>
          </reporter-output>
        </test-method> <!-- chromeTest -->
      </class> <!-- epam.MainTest -->
    </test> <!-- Surefire test -->
  </suite> <!-- Surefire suite -->
</testng-results>
